# JRE version: OpenJDK Runtime Environment (11.0.11+4) (build 11.0.11-ea+4-Ubuntu-0ubuntu3.16.04.1)
# Java VM: OpenJDK 64-Bit Server VM (11.0.11-ea+4-Ubuntu-0ubuntu3.16.04.1, mixed mode, sharing, tiered, compressed oops, g1 gc, linux-amd64)
Heap:
 garbage-first heap   total 989184K, used 239561K [0x00000000c3a00000, 0x0000000100000000)
  region size 1024K, 0 young (0K), 0 survivors (0K)
 Metaspace       used 171K, capacity 4490K, committed 4864K, reserved 1056768K
  class space    used 6K, capacity 386K, committed 512K, reserved 1048576K
GC Heap History (20 events):
Event: 1.536 GC heap before
{Heap before GC invocations=9 (full 0):
 garbage-first heap   total 190464K, used 173022K [0x00000000c3a00000, 0x0000000100000000)
  region size 1024K, 80 young (81920K), 1 survivors (1024K)
 Metaspace       used 171K, capacity 4490K, committed 4864K, reserved 1056768K
  class space    used 6K, capacity 386K, committed 512K, reserved 1048576K
}
Event: 1.544 GC heap after
{Heap after GC invocations=10 (full 0):
 garbage-first heap   total 190464K, used 61390K [0x00000000c3a00000, 0x0000000100000000)
  region size 1024K, 1 young (1024K), 1 survivors (1024K)
 Metaspace       used 171K, capacity 4490K, committed 4864K, reserved 1056768K
  class space    used 6K, capacity 386K, committed 512K, reserved 1048576K
}
Event: 1.696 GC heap before
{Heap before GC invocations=10 (full 0):
 garbage-first heap   total 190464K, used 147406K [0x00000000c3a00000, 0x0000000100000000)
  region size 1024K, 85 young (87040K), 1 survivors (1024K)
 Metaspace       used 171K, capacity 4490K, committed 4864K, reserved 1056768K
  class space    used 6K, capacity 386K, committed 512K, reserved 1048576K
}
Event: 1.705 GC heap after
{Heap after GC invocations=11 (full 0):
 garbage-first heap   total 300032K, used 61392K [0x00000000c3a00000, 0x0000000100000000)
  region size 1024K, 1 young (1024K), 1 survivors (1024K)
 Metaspace       used 171K, capacity 4490K, committed 4864K, reserved 1056768K
  class space    used 6K, capacity 386K, committed 512K, reserved 1048576K
}
Event: 1.735 GC heap before
{Heap before GC invocations=11 (full 0):
 garbage-first heap   total 300032K, used 72656K [0x00000000c3a00000, 0x0000000100000000)
  region size 1024K, 13 young (13312K), 1 survivors (1024K)
 Metaspace       used 171K, capacity 4490K, committed 4864K, reserved 1056768K
  class space    used 6K, capacity 386K, committed 512K, reserved 1048576K
}
Event: 1.742 GC heap after
{Heap after GC invocations=12 (full 0):
 garbage-first heap   total 300032K, used 61410K [0x00000000c3a00000, 0x0000000100000000)
  region size 1024K, 1 young (1024K), 1 survivors (1024K)
 Metaspace       used 171K, capacity 4490K, committed 4864K, reserved 1056768K
  class space    used 6K, capacity 386K, committed 512K, reserved 1048576K
}
Event: 2.095 GC heap before
{Heap before GC invocations=13 (full 0):
 garbage-first heap   total 300032K, used 297954K [0x00000000c3a00000, 0x0000000100000000)
  region size 1024K, 115 young (117760K), 1 survivors (1024K)
 Metaspace       used 171K, capacity 4490K, committed 4864K, reserved 1056768K
  class space    used 6K, capacity 386K, committed 512K, reserved 1048576K
}
Event: 2.129 GC heap after
{Heap after GC invocations=14 (full 0):
 garbage-first heap   total 301056K, used 120800K [0x00000000c3a00000, 0x0000000100000000)
  region size 1024K, 1 young (1024K), 1 survivors (1024K)
 Metaspace       used 171K, capacity 4490K, committed 4864K, reserved 1056768K
  class space    used 6K, capacity 386K, committed 512K, reserved 1048576K
}
Event: 2.341 GC heap before
{Heap before GC invocations=14 (full 0):
 garbage-first heap   total 301056K, used 241632K [0x00000000c3a00000, 0x0000000100000000)
  region size 1024K, 119 young (121856K), 1 survivors (1024K)
 Metaspace       used 171K, capacity 4490K, committed 4864K, reserved 1056768K
  class space    used 6K, capacity 386K, committed 512K, reserved 1048576K
}
Event: 2.348 GC heap after
{Heap after GC invocations=15 (full 0):
 garbage-first heap   total 301056K, used 120783K [0x00000000c3a00000, 0x0000000100000000)
  region size 1024K, 1 young (1024K), 1 survivors (1024K)
 Metaspace       used 171K, capacity 4490K, committed 4864K, reserved 1056768K
  class space    used 6K, capacity 386K, committed 512K, reserved 1048576K
}
Event: 2.568 GC heap before
{Heap before GC invocations=15 (full 0):
 garbage-first heap   total 301056K, used 239567K [0x00000000c3a00000, 0x0000000100000000)
  region size 1024K, 118 young (120832K), 1 survivors (1024K)
 Metaspace       used 171K, capacity 4490K, committed 4864K, reserved 1056768K
  class space    used 6K, capacity 386K, committed 512K, reserved 1048576K
}
Event: 2.575 GC heap after
{Heap after GC invocations=16 (full 0):
 garbage-first heap   total 301056K, used 120794K [0x00000000c3a00000, 0x0000000100000000)
  region size 1024K, 1 young (1024K), 1 survivors (1024K)
 Metaspace       used 171K, capacity 4490K, committed 4864K, reserved 1056768K
  class space    used 6K, capacity 386K, committed 512K, reserved 1048576K
}
Event: 20.918 GC heap before
{Heap before GC invocations=17 (full 0):
 garbage-first heap   total 539648K, used 486362K [0x00000000c3a00000, 0x0000000100000000)
  region size 1024K, 125 young (128000K), 1 survivors (1024K)
 Metaspace       used 171K, capacity 4490K, committed 4864K, reserved 1056768K
  class space    used 6K, capacity 386K, committed 512K, reserved 1048576K
}
Event: 21.045 GC heap after
{Heap after GC invocations=18 (full 0):
 garbage-first heap   total 539648K, used 239576K [0x00000000c3a00000, 0x0000000100000000)
  region size 1024K, 1 young (1024K), 1 survivors (1024K)
 Metaspace       used 171K, capacity 4490K, committed 4864K, reserved 1056768K
  class space    used 6K, capacity 386K, committed 512K, reserved 1048576K
}
Event: 21.342 GC heap before
{Heap before GC invocations=18 (full 0):
 garbage-first heap   total 539648K, used 416728K [0x00000000c3a00000, 0x0000000100000000)
  region size 1024K, 174 young (178176K), 1 survivors (1024K)
 Metaspace       used 171K, capacity 4490K, committed 4864K, reserved 1056768K
  class space    used 6K, capacity 386K, committed 512K, reserved 1048576K
}
Event: 21.358 GC heap after
{Heap after GC invocations=19 (full 0):
 garbage-first heap   total 539648K, used 239574K [0x00000000c3a00000, 0x0000000100000000)
  region size 1024K, 1 young (1024K), 1 survivors (1024K)
 Metaspace       used 171K, capacity 4490K, committed 4864K, reserved 1056768K
  class space    used 6K, capacity 386K, committed 512K, reserved 1048576K
}
Event: 21.724 GC heap before
{Heap before GC invocations=19 (full 0):
 garbage-first heap   total 539648K, used 443350K [0x00000000c3a00000, 0x0000000100000000)
  region size 1024K, 200 young (204800K), 1 survivors (1024K)
 Metaspace       used 171K, capacity 4490K, committed 4864K, reserved 1056768K
  class space    used 6K, capacity 386K, committed 512K, reserved 1048576K
}
Event: 21.733 GC heap after
{Heap after GC invocations=20 (full 0):
 garbage-first heap   total 539648K, used 239561K [0x00000000c3a00000, 0x0000000100000000)
  region size 1024K, 0 young (0K), 0 survivors (0K)
 Metaspace       used 171K, capacity 4490K, committed 4864K, reserved 1056768K
  class space    used 6K, capacity 386K, committed 512K, reserved 1048576K
}
Event: 22.089 GC heap before
{Heap before GC invocations=20 (full 0):
 garbage-first heap   total 539648K, used 445385K [0x00000000c3a00000, 0x0000000100000000)
  region size 1024K, 202 young (206848K), 0 survivors (0K)
 Metaspace       used 171K, capacity 4490K, committed 4864K, reserved 1056768K
  class space    used 6K, capacity 386K, committed 512K, reserved 1048576K
}
Event: 22.130 GC heap after
{Heap after GC invocations=21 (full 0):
 garbage-first heap   total 539648K, used 239561K [0x00000000c3a00000, 0x0000000100000000)
  region size 1024K, 0 young (0K), 0 survivors (0K)
 Metaspace       used 171K, capacity 4490K, committed 4864K, reserved 1056768K
  class space    used 6K, capacity 386K, committed 512K, reserved 1048576K
}

